time="06-05-2019 16:23:58" level=info msg="SlackBot: &{1 0}"
time="06-05-2019 16:23:58" level=error msg="Invalid credentials"
time="06-05-2019 16:30:49" level=info msg="SlackBot: &{1 0}"
time="06-05-2019 16:30:49" level=error msg="Invalid credentials"
time="06-05-2019 16:31:38" level=info msg="SlackBot: &{1 0}"
time="06-05-2019 16:31:40" level=info msg="SlackBot: &{1 1557140468.000100 I'm Back {true <nil>}}"
time="06-05-2019 16:31:40" level=info msg="SlackBot: &{2 1557140468.000100 I'm Back {true <nil>}}"
time="06-05-2019 16:31:45" level=info msg="SlackBot: &{user_typing UFAEJBZGS DFBCF0N9Y}"
time="06-05-2019 16:31:48" level=info msg="SlackBot: &{3 1557140476.000700 No Entries found {true <nil>}}"
time="06-05-2019 16:32:10" level=info msg="Current latency :1.225645311s"
time="06-05-2019 16:32:40" level=info msg="Current latency :1.225649177s"
time="06-05-2019 16:33:10" level=info msg="Current latency :1.226281766s"
time="06-05-2019 16:33:40" level=info msg="Current latency :1.22599742s"
time="06-05-2019 16:34:10" level=info msg="Current latency :1.226421073s"
time="06-05-2019 16:34:40" level=info msg="Current latency :1.226015445s"
time="06-05-2019 16:35:10" level=info msg="Current latency :1.226234244s"
time="06-05-2019 16:35:40" level=info msg="Current latency :1.226786739s"
time="06-05-2019 16:36:10" level=info msg="Current latency :1.226758627s"
time="06-05-2019 16:36:40" level=info msg="Current latency :1.227304406s"
time="06-05-2019 16:37:10" level=info msg="Current latency :1.245282557s"
time="06-05-2019 16:37:25" level=info msg="SlackBot: &{1 0}"
time="06-05-2019 16:37:26" level=info msg="SlackBot: &{1 1557140814.000200 I'm Back {true <nil>}}"
time="06-05-2019 16:37:27" level=info msg="SlackBot: &{2 1557140815.000200 I'm Back {true <nil>}}"
time="06-05-2019 16:37:29" level=info msg="SlackBot: &{user_typing UFAEJBZGS DFBCF0N9Y}"
time="06-05-2019 16:37:38" level=info msg="SlackBot: &{3 1557140826.001000 Still Running... {true <nil>}}"
time="06-05-2019 16:37:53" level=info msg="SlackBot: &{4 1557140841.001100 Done! {true <nil>}}"
time="06-05-2019 16:37:56" level=info msg="Current latency :747.86624ms"
time="06-05-2019 16:38:05" level=info msg="SlackBot: &{user_typing UFAEJBZGS DFBCF0N9Y}"
time="06-05-2019 16:38:07" level=info msg="SlackBot: &{6 1557140855.001400 No Entries found {true <nil>}}"
time="06-05-2019 16:38:26" level=info msg="Current latency :746.87993ms"
